<?xml version="1.0" encoding="UTF-8"?>
<testsuite name="org.amv.trafficsoft.rest.client.FeignClientDemoApplicationTests" tests="1" skipped="0" failures="0" errors="0" timestamp="2017-03-30T15:09:36" hostname="ATMARCL10216" time="0.003">
  <properties/>
  <testcase name="contextLoads" classname="org.amv.trafficsoft.rest.client.FeignClientDemoApplicationTests" time="0.003"/>
  <system-out><![CDATA[]]></system-out>
  <system-err><![CDATA[Mär 30, 2017 5:09:36 PM org.springframework.boot.test.context.SpringBootTestContextBootstrapper buildDefaultMergedContextConfiguration
INFORMATION: Neither @ContextConfiguration nor @ContextHierarchy found for test class [org.amv.trafficsoft.rest.client.FeignClientDemoApplicationTests], using SpringBootContextLoader
Mär 30, 2017 5:09:36 PM org.springframework.test.context.support.AbstractContextLoader generateDefaultLocations
INFORMATION: Could not detect default resource locations for test class [org.amv.trafficsoft.rest.client.FeignClientDemoApplicationTests]: no resource found for suffixes {-context.xml, Context.groovy}.
Mär 30, 2017 5:09:36 PM org.springframework.test.context.support.AnnotationConfigContextLoaderUtils detectDefaultConfigurationClasses
INFORMATION: Could not detect default configuration classes for test class [org.amv.trafficsoft.rest.client.FeignClientDemoApplicationTests]: FeignClientDemoApplicationTests does not declare any static, non-private, non-final, nested classes annotated with @Configuration.
Mär 30, 2017 5:09:36 PM org.springframework.boot.test.context.SpringBootTestContextBootstrapper getOrFindConfigurationClasses
INFORMATION: Found @SpringBootConfiguration org.amv.trafficsoft.rest.client.FeignClientDemoApplication for test class org.amv.trafficsoft.rest.client.FeignClientDemoApplicationTests
Mär 30, 2017 5:09:36 PM org.springframework.boot.test.context.SpringBootTestContextBootstrapper getDefaultTestExecutionListenerClassNames
INFORMATION: Loaded default TestExecutionListener class names from location [META-INF/spring.factories]: [org.springframework.boot.test.mock.mockito.MockitoTestExecutionListener, org.springframework.boot.test.mock.mockito.ResetMocksTestExecutionListener, org.springframework.boot.test.autoconfigure.restdocs.RestDocsTestExecutionListener, org.springframework.boot.test.autoconfigure.web.client.MockRestServiceServerResetTestExecutionListener, org.springframework.boot.test.autoconfigure.web.servlet.MockMvcPrintOnlyOnFailureTestExecutionListener, org.springframework.boot.test.autoconfigure.web.servlet.WebDriverTestExecutionListener, org.springframework.test.context.web.ServletTestExecutionListener, org.springframework.test.context.support.DirtiesContextBeforeModesTestExecutionListener, org.springframework.test.context.support.DependencyInjectionTestExecutionListener, org.springframework.test.context.support.DirtiesContextTestExecutionListener, org.springframework.test.context.transaction.TransactionalTestExecutionListener, org.springframework.test.context.jdbc.SqlScriptsTestExecutionListener]
Mär 30, 2017 5:09:36 PM org.springframework.boot.test.context.SpringBootTestContextBootstrapper instantiateListeners
INFORMATION: Could not instantiate TestExecutionListener [org.springframework.test.context.jdbc.SqlScriptsTestExecutionListener]. Specify custom listener classes or make the default listener classes (and their required dependencies) available. Offending class: [org/springframework/transaction/interceptor/TransactionAttribute]
Mär 30, 2017 5:09:36 PM org.springframework.boot.test.context.SpringBootTestContextBootstrapper instantiateListeners
INFORMATION: Could not instantiate TestExecutionListener [org.springframework.test.context.transaction.TransactionalTestExecutionListener]. Specify custom listener classes or make the default listener classes (and their required dependencies) available. Offending class: [org/springframework/transaction/interceptor/TransactionAttributeSource]
Mär 30, 2017 5:09:36 PM org.springframework.boot.test.context.SpringBootTestContextBootstrapper getTestExecutionListeners
INFORMATION: Using TestExecutionListeners: [org.springframework.test.context.web.ServletTestExecutionListener@362215da, org.springframework.test.context.support.DirtiesContextBeforeModesTestExecutionListener@524b42fc, org.springframework.boot.test.autoconfigure.SpringBootDependencyInjectionTestExecutionListener@55f942e7, org.springframework.test.context.support.DirtiesContextTestExecutionListener@52841e2d, org.springframework.boot.test.autoconfigure.web.servlet.MockMvcPrintOnlyOnFailureTestExecutionListener@74ae5d62, org.springframework.boot.test.autoconfigure.web.servlet.WebDriverTestExecutionListener@7cfabda9, org.springframework.boot.test.mock.mockito.MockitoTestExecutionListener@630b36ab, org.springframework.boot.test.mock.mockito.ResetMocksTestExecutionListener@110c2991, org.springframework.boot.test.autoconfigure.web.client.MockRestServiceServerResetTestExecutionListener@17cf339f, org.springframework.boot.test.autoconfigure.restdocs.RestDocsTestExecutionListener@3ef1d33a]
]]></system-err>
</testsuite>
